<?xml version="1.0" encoding="UTF-8"?>
<!-- Generated by org.testng.reporters.JUnitReportReporter -->
<testsuite skipped="0" hostname="DESKTOP-JR8G3T8" name="SumValidation" tests="1" failures="0" timestamp="02 Jun 2021 17:49:07 GMT" time="1.953" errors="0">
  <testcase name="sumofCourses" time="1.953" classname="SumValidation"/>
</testsuite> <!-- SumValidation -->
